2020-04-23 11:58:51 INFO  Log:12 - Test is Starting...
2020-04-23 11:59:08 INFO  Log:22 - Browser Open
2020-04-23 13:00:24 INFO  Log:12 - Test is Starting...
2020-04-23 13:00:33 INFO  Log:22 - Browser Open
2020-04-23 13:01:50 INFO  Log:22 - Opening required url
2020-04-23 13:01:51 INFO  Log:22 - Maiximize Window
2020-04-23 13:01:51 INFO  Log:12 - Test is Starting...
2020-04-24 16:20:41 INFO  Log:22 - *******Test Start************
2020-04-24 16:21:06 INFO  Log:22 - **********Chrome Browser Open Wth Specified Url**************
2020-04-24 17:16:01 INFO  Log:22 - **************** VerifyTextBoxLabel : for src textbox ***************
2020-04-28 17:23:53 INFO  Log:22 - ******************* Starting test cases execution **********************
2020-04-28 17:24:00 INFO  Log:22 - Browser Open
2020-04-28 17:24:07 INFO  Log:22 - Opening required url
2020-04-28 17:24:08 INFO  Log:22 - Maiximize Window
2020-04-28 17:24:08 INFO  Log:12 - Test is Starting...
2020-04-29 23:13:28 INFO  Log:22 - ******************* VerifyTextBoxLabel : for src textbox **********************
2020-04-29 23:15:47 INFO  Log:22 - ******************* VerifyTextBoxLabel : for src textbox **********************
2020-04-30 14:50:21 INFO  Log:22 - ******************* VerifyTextBoxLabel : for src textbox **********************
2020-04-30 15:28:06 INFO  Log:22 - ******************* VerifyTextBoxLabel : for src textbox **********************
2020-04-30 17:27:42 INFO  Log:22 - ******************* VerifyTextBoxLabel : for src textbox **********************
2020-04-30 17:30:36 INFO  Log:22 - ******************* VerifyTextBoxLabel : for src textbox **********************
2020-04-30 22:13:15 INFO  Log:22 - ******************* VerifyTextBoxLabel : for src textbox **********************
2020-04-30 22:16:35 INFO  Log:22 - ******************* VerifyTextBoxLabel : for dest textbox **********************
2020-04-30 22:18:23 INFO  Log:22 - ******************* VerifyTextBoxLabel : for dest textbox **********************
2020-04-30 22:23:21 INFO  Log:22 - ******************* VerifyTextBoxLabel : for dest textbox **********************
2020-04-30 22:25:19 INFO  Log:22 - ******************* VerifyTextBoxLabel : for dest textbox **********************
2020-04-30 22:27:12 INFO  Log:22 - ******************* VerifyTextBoxLabel : for dest textbox **********************
2020-05-05 15:23:49 INFO  Log:22 - ******************* VerifyTextBoxLabel : for dest textbox **********************
2020-05-05 16:45:49 INFO  Log:22 - ******************* Starting test cases execution **********************
2020-05-05 16:45:58 INFO  Log:22 - Browser Open
2020-05-05 16:46:11 INFO  Log:22 - Opening required url
2020-05-05 16:46:13 INFO  Log:22 - Maiximize Window
2020-05-05 16:46:13 INFO  Log:22 - ******************* Verify Logo **********************
2020-05-05 16:46:13 INFO  Log:12 - Test is Starting...
2020-05-05 16:56:23 INFO  Log:22 - ******************* Starting test cases execution **********************
2020-05-05 16:56:31 INFO  Log:22 - Browser Open
2020-05-05 16:56:35 INFO  Log:22 - Opening required url
2020-05-05 16:56:36 INFO  Log:22 - Maiximize Window
2020-05-05 16:56:36 INFO  Log:22 - ******************* Verify Logo **********************
2020-05-05 16:56:36 INFO  Log:12 - Test is Starting...
2020-05-05 16:58:18 INFO  Log:22 - ******************* Starting test cases execution **********************
2020-05-05 16:58:27 INFO  Log:22 - Browser Open
2020-05-05 16:58:48 INFO  Log:22 - Opening required url
2020-05-05 16:58:49 INFO  Log:22 - Maiximize Window
2020-05-05 16:58:49 INFO  Log:22 - ******************* Verify Logo **********************
2020-05-05 16:58:49 INFO  Log:12 - Test is Starting...
2020-05-05 17:04:03 INFO  Log:22 - ******************* Starting test cases execution **********************
2020-05-05 17:04:13 INFO  Log:22 - Browser Open
2020-05-05 17:04:27 INFO  Log:22 - Opening required url
2020-05-05 17:04:28 INFO  Log:22 - Maiximize Window
2020-05-05 17:04:31 INFO  Log:22 - ******************* Verify Logo **********************
2020-05-05 17:04:31 INFO  Log:12 - Test is Starting...
2020-05-05 17:09:39 INFO  Log:22 - ******************* Starting test cases execution **********************
2020-05-05 17:09:57 INFO  Log:22 - Browser Open
2020-05-05 17:10:12 INFO  Log:22 - Opening required url
2020-05-05 17:10:13 INFO  Log:22 - Maiximize Window
2020-05-05 17:10:15 INFO  Log:22 - ******************* Verify Logo **********************
2020-05-05 17:10:15 INFO  Log:12 - Test is Starting...
2020-05-05 17:19:37 INFO  Log:22 - ******************* Starting test cases execution **********************
2020-05-05 17:20:23 INFO  Log:22 - ******************* Verify Logo **********************
2020-05-05 17:20:23 INFO  Log:12 - Test is Starting...
2020-05-05 17:21:36 INFO  Log:22 - ******************* Starting test cases execution **********************
2020-05-05 17:21:43 INFO  Log:22 - Browser Open
2020-05-05 17:21:57 INFO  Log:22 - Opening required url
2020-05-05 17:21:59 INFO  Log:22 - Maiximize Window
2020-05-05 17:22:19 INFO  Log:22 - ******************* Verify Logo **********************
2020-05-05 17:22:19 INFO  Log:12 - Test is Starting...
2020-05-06 17:40:34 INFO  Log:22 - ******************* VerifyTextBoxLabel : for dest textbox **********************
2020-05-06 17:41:46 INFO  Log:22 - ******************* VerifyTextBoxLabel : for dest textbox **********************
2020-05-06 17:44:09 INFO  Log:22 - ******************* VerifyTextBoxLabel : for dest textbox **********************
2020-05-07 14:04:42 INFO  Log:12 - Test is Starting...
2020-05-07 14:04:44 INFO  Log:22 - ***************Maximize Window************************
2020-05-07 14:04:45 INFO  Log:22 - ***********************Click on sign in Link****************************************
2020-05-07 14:04:47 INFO  Log:22 - ***********************Swith On child frame*****************************************
2020-05-07 14:04:48 INFO  Log:22 - ****************************CLick On Mob.no text Field*******************************
2020-05-07 14:04:49 INFO  Log:22 - ************************Enter mobile number******************************************
2020-05-07 14:04:49 INFO  Log:22 - ***********************After entering mobile no. click on continue button***************
2020-05-07 14:04:53 INFO  Log:22 - *****************Apply wait**********************************************************
2020-05-07 14:04:54 INFO  Log:22 - *****************Terminating browser***********************************
2020-05-07 14:05:04 INFO  Log:22 - *************Opening specified site***********************************
2020-05-07 14:05:06 INFO  Log:22 - ***************Maximize Window************************
2020-05-07 14:05:06 INFO  Log:22 - ***********************Click on sign in Link****************************************
2020-05-07 15:12:08 INFO  Log:22 - ************************* searchDestination test case start*********************
2020-05-07 15:12:31 INFO  Log:22 - ***************given URL Opening***************************
2020-05-07 15:12:36 INFO  Log:22 - ******************* VerifyTextBoxLabel : for dest textbox **********************
2020-05-07 15:12:37 INFO  Log:22 - ***************move cursor on destination text box*******************************
2020-05-07 15:12:38 INFO  Log:22 - *****************************************Click on text box******************************
2020-05-07 15:25:16 INFO  Log:12 - Test is Starting...
2020-05-07 15:25:16 INFO  Log:22 - ***********List of all the navbar-menu items*************************
2020-05-07 15:40:19 INFO  Log:22 - **************Test case Start******************************
2020-05-07 15:40:42 INFO  Log:22 - ****************Maximise window*******************************
2020-05-07 15:40:42 INFO  Log:22 - ****************Click On sigin link****************************
2020-05-07 15:40:42 INFO  Log:22 - *****************Take half page screen shot********************
2020-05-07 15:43:10 INFO  Log:12 - Test is Starting...
2020-05-07 15:43:26 INFO  Log:22 - ***************maximise window***********************************
2020-05-07 15:46:01 INFO  Log:12 - Test is Starting...
2020-05-07 15:46:22 INFO  Log:22 - ***************maximise window***********************************
2020-05-07 15:47:32 INFO  Log:22 - **************** VerifyTextBoxLabel : for src textbox ***************
2020-05-07 15:51:10 INFO  Log:22 - **************** VerifyTextBoxLabel : for src textbox ***************
2020-05-07 16:00:16 INFO  Log:22 - **************** VerifyTextBoxLabel : for src textbox ***************
2020-05-07 16:10:07 INFO  Log:22 - **************** VerifyTextBoxLabel : for src textbox ***************
2020-05-07 16:11:58 INFO  Log:22 - **************** VerifyTextBoxLabel : for src textbox ***************
2020-05-07 16:17:02 INFO  Log:22 - **************** VerifyTextBoxLabel : for src textbox ***************
2020-05-07 16:20:25 INFO  Log:22 - **************** VerifyTextBoxLabel : for src textbox ***************
2020-05-07 16:22:05 INFO  Log:22 - **************** VerifyTextBoxLabel : for src textbox ***************
2020-05-07 16:26:21 INFO  Log:22 - **************** VerifyTextBoxLabel : for src textbox ***************
2020-05-07 16:27:45 INFO  Log:22 - **************** VerifyTextBoxLabel : for src textbox ***************
2020-05-07 16:32:14 INFO  Log:22 - **************** VerifyTextBoxLabel : for src textbox ***************
2020-05-07 16:34:37 INFO  Log:22 - **************** VerifyTextBoxLabel : for src textbox ***************
2020-05-07 16:59:51 INFO  Log:22 - ****************test case start for search field ***************
2020-05-07 16:59:51 INFO  Log:22 - ****************test case start for source field ***************
2020-05-07 17:00:09 INFO  Log:22 - ****************test case start for destination field ***************
2020-05-07 17:00:09 INFO  Log:22 - ****************test case start for departure field ***************
2020-05-07 17:00:09 INFO  Log:22 - ****************test case start for return field ***************
2020-05-07 17:00:09 INFO  Log:22 - ****************test case start for Traveller field ***************
2020-05-07 17:03:29 INFO  Log:22 - ****************test case start for search field ***************
2020-05-07 17:03:29 INFO  Log:22 - ****************test case start for source field ***************
2020-05-07 17:03:56 INFO  Log:22 - ****************test case start for destination field ***************
2020-05-07 17:03:57 INFO  Log:22 - ****************test case start for departure field ***************
2020-05-07 17:03:57 INFO  Log:22 - ****************test case start for return field ***************
2020-05-07 17:03:57 INFO  Log:22 - ****************test case start for Traveller field ***************
2020-05-07 17:05:45 INFO  Log:22 - *****************Test Start***********************************
2020-05-07 17:05:54 INFO  Log:22 - **********Chrome Browser Open With Specified Url**************
2020-05-07 17:06:04 INFO  Log:22 - *****************Maximise the Window************************
2020-05-07 17:08:53 INFO  Log:22 - *****************Test Start***********************************
2020-05-07 17:09:09 INFO  Log:22 - **********Chrome Browser Open With Specified Url**************
2020-05-07 17:09:24 INFO  Log:22 - *****************Maximise the Window************************
2020-05-07 17:13:47 INFO  Log:22 - *****************Test Start***********************************
2020-05-07 17:13:58 INFO  Log:22 - **********Chrome Browser Open With Specified Url**************
2020-05-07 17:14:13 INFO  Log:22 - *****************Maximise the Window************************
2020-05-07 17:21:37 INFO  Log:22 - *****************Test Start***********************************
2020-05-07 17:21:46 INFO  Log:22 - **********Chrome Browser Open With Specified Url**************
2020-05-07 17:22:02 INFO  Log:22 - *****************Maximise the Window************************
2020-05-07 17:24:04 INFO  Log:22 - *****************Test Start***********************************
2020-05-07 17:24:11 INFO  Log:22 - **********Chrome Browser Open With Specified Url**************
2020-05-07 17:24:27 INFO  Log:22 - *****************Maximise the Window************************
2020-05-07 17:27:08 INFO  Log:22 - *****************Test Start***********************************
2020-05-07 17:27:16 INFO  Log:22 - **********Chrome Browser Open With Specified Url**************
2020-05-07 17:27:32 INFO  Log:22 - *****************Maximise the Window************************
2020-05-07 17:31:25 INFO  Log:22 - *****************Test Start***********************************
2020-05-07 17:31:33 INFO  Log:22 - **********Chrome Browser Open With Specified Url**************
2020-05-07 17:31:44 INFO  Log:22 - *****************Maximise the Window************************
2020-05-07 17:38:19 INFO  Log:22 - *****************Test Start***********************************
2020-05-07 17:38:27 INFO  Log:22 - **********Chrome Browser Open With Specified Url**************
2020-05-07 17:38:40 INFO  Log:22 - *****************Maximise the Window************************
2020-05-07 17:39:51 INFO  Log:22 - *****************Test Start***********************************
2020-05-07 17:40:09 INFO  Log:22 - **********Chrome Browser Open With Specified Url**************
2020-05-07 17:40:31 INFO  Log:22 - *****************Maximise the Window************************
2020-05-07 17:42:01 INFO  Log:22 - *****************Test Start***********************************
2020-05-07 17:42:08 INFO  Log:22 - **********Chrome Browser Open With Specified Url**************
2020-05-07 17:42:19 INFO  Log:22 - *****************Maximise the Window************************
2020-05-07 21:13:03 INFO  Log:22 - *****************Test Start***********************************
2020-05-07 21:13:26 INFO  Log:22 - **********Chrome Browser Open With Specified Url**************
2020-05-07 21:13:36 INFO  Log:22 - *****************Maximise the Window************************
2020-05-07 21:13:37 INFO  Log:22 - *********************test case start*************************
2020-05-07 21:19:06 INFO  Log:22 - *****************Test Start***********************************
2020-05-07 21:19:21 INFO  Log:22 - **********Chrome Browser Open With Specified Url**************
2020-05-07 21:19:39 INFO  Log:22 - *****************Maximise the Window************************
2020-05-07 21:19:39 INFO  Log:22 - *********************test case start*************************
2020-05-07 21:32:41 INFO  Log:22 - **********Test Start************************
2020-05-07 21:32:55 INFO  Log:22 - *******Chrome Browser Open With Specified Url**************
2020-05-07 21:35:06 INFO  Log:22 - **********Test Start************************
2020-05-07 21:35:45 INFO  Log:22 - **********Test Start************************
2020-05-07 21:35:54 INFO  Log:22 - *******Chrome Browser Open With Specified Url**************
2020-05-07 21:37:10 INFO  Log:22 - *********Maximise the Window************************
2020-05-07 21:37:10 INFO  Log:22 - *********************test case start*************************
2020-05-07 21:37:32 INFO  Log:22 - **********Test Start************************
2020-05-07 21:37:40 INFO  Log:22 - *******Chrome Browser Open With Specified Url**************
2020-05-07 21:37:53 INFO  Log:22 - *********Maximise the Window************************
2020-05-07 21:37:53 INFO  Log:22 - *********************test case start*************************
2020-05-07 21:39:40 INFO  Log:22 - **********Test Start************************
2020-05-07 21:39:53 INFO  Log:22 - *******Chrome Browser Open With Specified Url**************
2020-05-07 21:40:09 INFO  Log:22 - *********Maximise the Window************************
2020-05-07 21:40:09 INFO  Log:22 - *********************test case start*************************
2020-05-07 21:40:42 INFO  Log:22 - **********Test Start************************
2020-05-07 21:41:01 INFO  Log:22 - *******Chrome Browser Open With Specified Url**************
2020-05-07 21:41:26 INFO  Log:22 - *********Maximise the Window************************
2020-05-07 21:41:26 INFO  Log:22 - *********************test case start*************************
2020-05-18 14:39:54 INFO  Log:22 - ******************* Starting test cases execution **********************
2020-05-18 14:40:28 INFO  Log:22 - Browser Open
2020-05-18 14:40:54 INFO  Log:22 - Opening required url
2020-05-18 14:40:58 INFO  Log:22 - Maiximize Window
2020-05-18 14:40:58 INFO  Log:22 - ******************* Verify Logo **********************
2020-05-18 14:40:58 INFO  Log:12 - Test is Starting...
2020-05-20 14:05:20 INFO  Log:12 - Test is Starting...
2020-05-26 22:49:17 INFO  Log:22 - ************************* searchDestination test case start*********************
2020-05-27 14:00:07 INFO  Log:22 - ************************* searchDestination test case start*********************
2020-05-27 14:01:02 INFO  Log:22 - ***************given URL Opening***************************
2020-05-27 14:01:04 INFO  Log:22 - ******************* VerifyTextBoxLabel : for dest textbox **********************
2020-05-27 14:01:05 INFO  Log:22 - ***************move cursor on destination text box*******************************
2020-05-27 14:01:10 INFO  Log:22 - *****************************************Click on text box******************************
2020-09-03 12:51:15 INFO  Log:22 - ****************test case start for search field ***************
2020-09-03 12:51:15 INFO  Log:22 - ****************test case start for source field ***************
2020-09-03 12:53:10 INFO  Log:22 - ****************test case start for destination field ***************
2020-09-03 12:53:11 INFO  Log:22 - ****************test case start for departure field ***************
2020-09-03 12:53:11 INFO  Log:22 - ****************test case start for return field ***************
2020-09-03 12:53:12 INFO  Log:22 - ****************test case start for Traveller field ***************
2020-09-03 13:19:55 INFO  Log:22 - ****************test case start for search field ***************
2020-09-03 13:19:55 INFO  Log:22 - ****************test case start for source field ***************
2020-09-03 13:20:46 INFO  Log:22 - ****************test case start for destination field ***************
2020-09-03 13:20:47 INFO  Log:22 - ****************test case start for departure field ***************
2020-09-03 13:20:48 INFO  Log:22 - ****************test case start for return field ***************
2020-09-03 13:20:48 INFO  Log:22 - ****************test case start for Traveller field ***************
